<?xml version="1.0" encoding="UTF-8"?>
<!-- Generated by org.testng.reporters.JUnitReportReporter -->
<testsuite skipped="0" hostname="DESKTOP-N60QB27" name="tests.T5" tests="1" failures="0" timestamp="2022-10-04T11:48:50 IST" time="19.275" errors="0">
  <testcase name="t1" time="19.275" classname="tests.T5"/>
  <system-out/>
</testsuite> <!-- tests.T5 -->
