<?xml version="1.0" encoding="UTF-8"?>
<!-- Generated by org.testng.reporters.JUnitReportReporter -->
<testsuite skipped="0" hostname="DESKTOP-N60QB27" name="tests.T2" tests="1" failures="0" timestamp="2022-10-04T11:36:24 IST" time="6.748" errors="0">
  <testcase name="t1" time="6.748" classname="tests.T2"/>
  <system-out/>
</testsuite> <!-- tests.T2 -->
