<?xml version="1.0" encoding="UTF-8"?>
<!-- Generated by org.testng.reporters.JUnitReportReporter -->
<testsuite skipped="0" hostname="DESKTOP-N60QB27" name="tests.T4" tests="1" failures="0" timestamp="2022-10-04T11:46:11 IST" time="12.729" errors="0">
  <testcase name="t1" time="12.729" classname="tests.T4"/>
  <system-out/>
</testsuite> <!-- tests.T4 -->
